<?xml version="1.0" encoding="UTF-8"?>
<testsuite xmlns:xsi="http://www.w3.org/2001/XMLSchema-instance" xsi:noNamespaceSchemaLocation="https://maven.apache.org/surefire/maven-surefire-plugin/xsd/surefire-test-report-3.0.xsd" version="3.0" name="com.ecommerce.project.EcomApplicationTests" time="20.4" tests="1" errors="0" skipped="0" failures="0">
  <properties>
    <property name="java.specification.version" value="17"/>
    <property name="sun.jnu.encoding" value="UTF-8"/>
    <property name="java.class.path" value="/Users/namansahu/GitHub/Ecommerce/target/test-classes:/Users/namansahu/GitHub/Ecommerce/target/classes:/Users/namansahu/.m2/repository/org/springframework/boot/spring-boot-starter-security/3.2.10/spring-boot-starter-security-3.2.10.jar:/Users/namansahu/.m2/repository/org/springframework/boot/spring-boot-starter/3.2.10/spring-boot-starter-3.2.10.jar:/Users/namansahu/.m2/repository/org/springframework/boot/spring-boot/3.2.10/spring-boot-3.2.10.jar:/Users/namansahu/.m2/repository/org/springframework/boot/spring-boot-autoconfigure/3.2.10/spring-boot-autoconfigure-3.2.10.jar:/Users/namansahu/.m2/repository/org/springframework/boot/spring-boot-starter-logging/3.2.10/spring-boot-starter-logging-3.2.10.jar:/Users/namansahu/.m2/repository/ch/qos/logback/logback-classic/1.4.14/logback-classic-1.4.14.jar:/Users/namansahu/.m2/repository/ch/qos/logback/logback-core/1.4.14/logback-core-1.4.14.jar:/Users/namansahu/.m2/repository/org/apache/logging/log4j/log4j-to-slf4j/2.21.1/log4j-to-slf4j-2.21.1.jar:/Users/namansahu/.m2/repository/org/apache/logging/log4j/log4j-api/2.21.1/log4j-api-2.21.1.jar:/Users/namansahu/.m2/repository/org/slf4j/jul-to-slf4j/2.0.16/jul-to-slf4j-2.0.16.jar:/Users/namansahu/.m2/repository/jakarta/annotation/jakarta.annotation-api/2.1.1/jakarta.annotation-api-2.1.1.jar:/Users/namansahu/.m2/repository/org/yaml/snakeyaml/2.2/snakeyaml-2.2.jar:/Users/namansahu/.m2/repository/org/springframework/spring-aop/6.1.13/spring-aop-6.1.13.jar:/Users/namansahu/.m2/repository/org/springframework/spring-beans/6.1.13/spring-beans-6.1.13.jar:/Users/namansahu/.m2/repository/org/springframework/security/spring-security-config/6.2.6/spring-security-config-6.2.6.jar:/Users/namansahu/.m2/repository/org/springframework/spring-context/6.1.13/spring-context-6.1.13.jar:/Users/namansahu/.m2/repository/org/springframework/security/spring-security-web/6.2.6/spring-security-web-6.2.6.jar:/Users/namansahu/.m2/repository/org/springframework/spring-expression/6.1.13/spring-expression-6.1.13.jar:/Users/namansahu/.m2/repository/io/jsonwebtoken/jjwt-api/0.12.5/jjwt-api-0.12.5.jar:/Users/namansahu/.m2/repository/io/jsonwebtoken/jjwt-impl/0.12.5/jjwt-impl-0.12.5.jar:/Users/namansahu/.m2/repository/io/jsonwebtoken/jjwt-jackson/0.12.5/jjwt-jackson-0.12.5.jar:/Users/namansahu/.m2/repository/com/fasterxml/jackson/core/jackson-databind/2.15.4/jackson-databind-2.15.4.jar:/Users/namansahu/.m2/repository/com/fasterxml/jackson/core/jackson-annotations/2.15.4/jackson-annotations-2.15.4.jar:/Users/namansahu/.m2/repository/com/fasterxml/jackson/core/jackson-core/2.15.4/jackson-core-2.15.4.jar:/Users/namansahu/.m2/repository/org/springframework/security/spring-security-test/6.2.6/spring-security-test-6.2.6.jar:/Users/namansahu/.m2/repository/org/springframework/security/spring-security-core/6.2.6/spring-security-core-6.2.6.jar:/Users/namansahu/.m2/repository/org/springframework/security/spring-security-crypto/6.2.6/spring-security-crypto-6.2.6.jar:/Users/namansahu/.m2/repository/io/micrometer/micrometer-observation/1.12.10/micrometer-observation-1.12.10.jar:/Users/namansahu/.m2/repository/io/micrometer/micrometer-commons/1.12.10/micrometer-commons-1.12.10.jar:/Users/namansahu/.m2/repository/org/springframework/spring-core/6.1.13/spring-core-6.1.13.jar:/Users/namansahu/.m2/repository/org/springframework/spring-jcl/6.1.13/spring-jcl-6.1.13.jar:/Users/namansahu/.m2/repository/org/springframework/spring-test/6.1.13/spring-test-6.1.13.jar:/Users/namansahu/.m2/repository/org/springframework/boot/spring-boot-starter-web/3.2.10/spring-boot-starter-web-3.2.10.jar:/Users/namansahu/.m2/repository/org/springframework/boot/spring-boot-starter-json/3.2.10/spring-boot-starter-json-3.2.10.jar:/Users/namansahu/.m2/repository/com/fasterxml/jackson/datatype/jackson-datatype-jdk8/2.15.4/jackson-datatype-jdk8-2.15.4.jar:/Users/namansahu/.m2/repository/com/fasterxml/jackson/datatype/jackson-datatype-jsr310/2.15.4/jackson-datatype-jsr310-2.15.4.jar:/Users/namansahu/.m2/repository/com/fasterxml/jackson/module/jackson-module-parameter-names/2.15.4/jackson-module-parameter-names-2.15.4.jar:/Users/namansahu/.m2/repository/org/springframework/boot/spring-boot-starter-tomcat/3.2.10/spring-boot-starter-tomcat-3.2.10.jar:/Users/namansahu/.m2/repository/org/apache/tomcat/embed/tomcat-embed-core/10.1.30/tomcat-embed-core-10.1.30.jar:/Users/namansahu/.m2/repository/org/apache/tomcat/embed/tomcat-embed-websocket/10.1.30/tomcat-embed-websocket-10.1.30.jar:/Users/namansahu/.m2/repository/org/springframework/spring-web/6.1.13/spring-web-6.1.13.jar:/Users/namansahu/.m2/repository/org/springframework/spring-webmvc/6.1.13/spring-webmvc-6.1.13.jar:/Users/namansahu/.m2/repository/org/springframework/boot/spring-boot-starter-data-jpa/3.2.10/spring-boot-starter-data-jpa-3.2.10.jar:/Users/namansahu/.m2/repository/org/springframework/boot/spring-boot-starter-aop/3.2.10/spring-boot-starter-aop-3.2.10.jar:/Users/namansahu/.m2/repository/org/aspectj/aspectjweaver/1.9.22.1/aspectjweaver-1.9.22.1.jar:/Users/namansahu/.m2/repository/org/springframework/boot/spring-boot-starter-jdbc/3.2.10/spring-boot-starter-jdbc-3.2.10.jar:/Users/namansahu/.m2/repository/com/zaxxer/HikariCP/5.0.1/HikariCP-5.0.1.jar:/Users/namansahu/.m2/repository/org/springframework/spring-jdbc/6.1.13/spring-jdbc-6.1.13.jar:/Users/namansahu/.m2/repository/org/hibernate/orm/hibernate-core/6.4.10.Final/hibernate-core-6.4.10.Final.jar:/Users/namansahu/.m2/repository/jakarta/persistence/jakarta.persistence-api/3.1.0/jakarta.persistence-api-3.1.0.jar:/Users/namansahu/.m2/repository/jakarta/transaction/jakarta.transaction-api/2.0.1/jakarta.transaction-api-2.0.1.jar:/Users/namansahu/.m2/repository/org/jboss/logging/jboss-logging/3.5.3.Final/jboss-logging-3.5.3.Final.jar:/Users/namansahu/.m2/repository/org/hibernate/common/hibernate-commons-annotations/6.0.6.Final/hibernate-commons-annotations-6.0.6.Final.jar:/Users/namansahu/.m2/repository/io/smallrye/jandex/3.1.2/jandex-3.1.2.jar:/Users/namansahu/.m2/repository/com/fasterxml/classmate/1.6.0/classmate-1.6.0.jar:/Users/namansahu/.m2/repository/net/bytebuddy/byte-buddy/1.14.19/byte-buddy-1.14.19.jar:/Users/namansahu/.m2/repository/org/glassfish/jaxb/jaxb-runtime/4.0.5/jaxb-runtime-4.0.5.jar:/Users/namansahu/.m2/repository/org/glassfish/jaxb/jaxb-core/4.0.5/jaxb-core-4.0.5.jar:/Users/namansahu/.m2/repository/org/eclipse/angus/angus-activation/2.0.2/angus-activation-2.0.2.jar:/Users/namansahu/.m2/repository/org/glassfish/jaxb/txw2/4.0.5/txw2-4.0.5.jar:/Users/namansahu/.m2/repository/com/sun/istack/istack-commons-runtime/4.1.2/istack-commons-runtime-4.1.2.jar:/Users/namansahu/.m2/repository/jakarta/inject/jakarta.inject-api/2.0.1/jakarta.inject-api-2.0.1.jar:/Users/namansahu/.m2/repository/org/antlr/antlr4-runtime/4.13.0/antlr4-runtime-4.13.0.jar:/Users/namansahu/.m2/repository/org/springframework/data/spring-data-jpa/3.2.10/spring-data-jpa-3.2.10.jar:/Users/namansahu/.m2/repository/org/springframework/data/spring-data-commons/3.2.10/spring-data-commons-3.2.10.jar:/Users/namansahu/.m2/repository/org/springframework/spring-orm/6.1.13/spring-orm-6.1.13.jar:/Users/namansahu/.m2/repository/org/springframework/spring-tx/6.1.13/spring-tx-6.1.13.jar:/Users/namansahu/.m2/repository/org/slf4j/slf4j-api/2.0.16/slf4j-api-2.0.16.jar:/Users/namansahu/.m2/repository/org/springframework/spring-aspects/6.1.13/spring-aspects-6.1.13.jar:/Users/namansahu/.m2/repository/org/springframework/boot/spring-boot-starter-validation/3.2.10/spring-boot-starter-validation-3.2.10.jar:/Users/namansahu/.m2/repository/org/apache/tomcat/embed/tomcat-embed-el/10.1.30/tomcat-embed-el-10.1.30.jar:/Users/namansahu/.m2/repository/org/hibernate/validator/hibernate-validator/8.0.1.Final/hibernate-validator-8.0.1.Final.jar:/Users/namansahu/.m2/repository/jakarta/validation/jakarta.validation-api/3.0.2/jakarta.validation-api-3.0.2.jar:/Users/namansahu/.m2/repository/org/modelmapper/modelmapper/3.0.0/modelmapper-3.0.0.jar:/Users/namansahu/.m2/repository/com/mysql/mysql-connector-j/8.3.0/mysql-connector-j-8.3.0.jar:/Users/namansahu/.m2/repository/org/projectlombok/lombok/1.18.34/lombok-1.18.34.jar:/Users/namansahu/.m2/repository/org/springframework/boot/spring-boot-starter-test/3.2.10/spring-boot-starter-test-3.2.10.jar:/Users/namansahu/.m2/repository/org/springframework/boot/spring-boot-test/3.2.10/spring-boot-test-3.2.10.jar:/Users/namansahu/.m2/repository/org/springframework/boot/spring-boot-test-autoconfigure/3.2.10/spring-boot-test-autoconfigure-3.2.10.jar:/Users/namansahu/.m2/repository/com/jayway/jsonpath/json-path/2.9.0/json-path-2.9.0.jar:/Users/namansahu/.m2/repository/jakarta/xml/bind/jakarta.xml.bind-api/4.0.2/jakarta.xml.bind-api-4.0.2.jar:/Users/namansahu/.m2/repository/jakarta/activation/jakarta.activation-api/2.1.3/jakarta.activation-api-2.1.3.jar:/Users/namansahu/.m2/repository/net/minidev/json-smart/2.5.1/json-smart-2.5.1.jar:/Users/namansahu/.m2/repository/net/minidev/accessors-smart/2.5.1/accessors-smart-2.5.1.jar:/Users/namansahu/.m2/repository/org/ow2/asm/asm/9.6/asm-9.6.jar:/Users/namansahu/.m2/repository/org/assertj/assertj-core/3.24.2/assertj-core-3.24.2.jar:/Users/namansahu/.m2/repository/org/awaitility/awaitility/4.2.2/awaitility-4.2.2.jar:/Users/namansahu/.m2/repository/org/hamcrest/hamcrest/2.2/hamcrest-2.2.jar:/Users/namansahu/.m2/repository/org/junit/jupiter/junit-jupiter/5.10.3/junit-jupiter-5.10.3.jar:/Users/namansahu/.m2/repository/org/junit/jupiter/junit-jupiter-api/5.10.3/junit-jupiter-api-5.10.3.jar:/Users/namansahu/.m2/repository/org/opentest4j/opentest4j/1.3.0/opentest4j-1.3.0.jar:/Users/namansahu/.m2/repository/org/junit/platform/junit-platform-commons/1.10.3/junit-platform-commons-1.10.3.jar:/Users/namansahu/.m2/repository/org/apiguardian/apiguardian-api/1.1.2/apiguardian-api-1.1.2.jar:/Users/namansahu/.m2/repository/org/junit/jupiter/junit-jupiter-params/5.10.3/junit-jupiter-params-5.10.3.jar:/Users/namansahu/.m2/repository/org/junit/jupiter/junit-jupiter-engine/5.10.3/junit-jupiter-engine-5.10.3.jar:/Users/namansahu/.m2/repository/org/junit/platform/junit-platform-engine/1.10.3/junit-platform-engine-1.10.3.jar:/Users/namansahu/.m2/repository/org/mockito/mockito-core/5.7.0/mockito-core-5.7.0.jar:/Users/namansahu/.m2/repository/net/bytebuddy/byte-buddy-agent/1.14.19/byte-buddy-agent-1.14.19.jar:/Users/namansahu/.m2/repository/org/objenesis/objenesis/3.3/objenesis-3.3.jar:/Users/namansahu/.m2/repository/org/mockito/mockito-junit-jupiter/5.7.0/mockito-junit-jupiter-5.7.0.jar:/Users/namansahu/.m2/repository/org/skyscreamer/jsonassert/1.5.3/jsonassert-1.5.3.jar:/Users/namansahu/.m2/repository/com/vaadin/external/google/android-json/0.0.20131108.vaadin1/android-json-0.0.20131108.vaadin1.jar:/Users/namansahu/.m2/repository/org/xmlunit/xmlunit-core/2.9.1/xmlunit-core-2.9.1.jar:"/>
    <property name="java.vm.vendor" value="Oracle Corporation"/>
    <property name="sun.arch.data.model" value="64"/>
    <property name="java.vendor.url" value="https://java.oracle.com/"/>
    <property name="user.timezone" value="Asia/Kolkata"/>
    <property name="org.jboss.logging.provider" value="slf4j"/>
    <property name="os.name" value="Mac OS X"/>
    <property name="java.vm.specification.version" value="17"/>
    <property name="sun.java.launcher" value="SUN_STANDARD"/>
    <property name="user.country" value="GB"/>
    <property name="sun.boot.library.path" value="/Library/Java/JavaVirtualMachines/jdk-17.jdk/Contents/Home/lib"/>
    <property name="sun.java.command" value="/Users/namansahu/GitHub/Ecommerce/target/surefire/surefirebooter-20241009221948613_3.jar /Users/namansahu/GitHub/Ecommerce/target/surefire 2024-10-09T22-19-48_527-jvmRun1 surefire-20241009221948613_1tmp surefire_0-20241009221948613_2tmp"/>
    <property name="http.nonProxyHosts" value="local|*.local|169.254/16|*.169.254/16"/>
    <property name="jdk.debug" value="release"/>
    <property name="surefire.test.class.path" value="/Users/namansahu/GitHub/Ecommerce/target/test-classes:/Users/namansahu/GitHub/Ecommerce/target/classes:/Users/namansahu/.m2/repository/org/springframework/boot/spring-boot-starter-security/3.2.10/spring-boot-starter-security-3.2.10.jar:/Users/namansahu/.m2/repository/org/springframework/boot/spring-boot-starter/3.2.10/spring-boot-starter-3.2.10.jar:/Users/namansahu/.m2/repository/org/springframework/boot/spring-boot/3.2.10/spring-boot-3.2.10.jar:/Users/namansahu/.m2/repository/org/springframework/boot/spring-boot-autoconfigure/3.2.10/spring-boot-autoconfigure-3.2.10.jar:/Users/namansahu/.m2/repository/org/springframework/boot/spring-boot-starter-logging/3.2.10/spring-boot-starter-logging-3.2.10.jar:/Users/namansahu/.m2/repository/ch/qos/logback/logback-classic/1.4.14/logback-classic-1.4.14.jar:/Users/namansahu/.m2/repository/ch/qos/logback/logback-core/1.4.14/logback-core-1.4.14.jar:/Users/namansahu/.m2/repository/org/apache/logging/log4j/log4j-to-slf4j/2.21.1/log4j-to-slf4j-2.21.1.jar:/Users/namansahu/.m2/repository/org/apache/logging/log4j/log4j-api/2.21.1/log4j-api-2.21.1.jar:/Users/namansahu/.m2/repository/org/slf4j/jul-to-slf4j/2.0.16/jul-to-slf4j-2.0.16.jar:/Users/namansahu/.m2/repository/jakarta/annotation/jakarta.annotation-api/2.1.1/jakarta.annotation-api-2.1.1.jar:/Users/namansahu/.m2/repository/org/yaml/snakeyaml/2.2/snakeyaml-2.2.jar:/Users/namansahu/.m2/repository/org/springframework/spring-aop/6.1.13/spring-aop-6.1.13.jar:/Users/namansahu/.m2/repository/org/springframework/spring-beans/6.1.13/spring-beans-6.1.13.jar:/Users/namansahu/.m2/repository/org/springframework/security/spring-security-config/6.2.6/spring-security-config-6.2.6.jar:/Users/namansahu/.m2/repository/org/springframework/spring-context/6.1.13/spring-context-6.1.13.jar:/Users/namansahu/.m2/repository/org/springframework/security/spring-security-web/6.2.6/spring-security-web-6.2.6.jar:/Users/namansahu/.m2/repository/org/springframework/spring-expression/6.1.13/spring-expression-6.1.13.jar:/Users/namansahu/.m2/repository/io/jsonwebtoken/jjwt-api/0.12.5/jjwt-api-0.12.5.jar:/Users/namansahu/.m2/repository/io/jsonwebtoken/jjwt-impl/0.12.5/jjwt-impl-0.12.5.jar:/Users/namansahu/.m2/repository/io/jsonwebtoken/jjwt-jackson/0.12.5/jjwt-jackson-0.12.5.jar:/Users/namansahu/.m2/repository/com/fasterxml/jackson/core/jackson-databind/2.15.4/jackson-databind-2.15.4.jar:/Users/namansahu/.m2/repository/com/fasterxml/jackson/core/jackson-annotations/2.15.4/jackson-annotations-2.15.4.jar:/Users/namansahu/.m2/repository/com/fasterxml/jackson/core/jackson-core/2.15.4/jackson-core-2.15.4.jar:/Users/namansahu/.m2/repository/org/springframework/security/spring-security-test/6.2.6/spring-security-test-6.2.6.jar:/Users/namansahu/.m2/repository/org/springframework/security/spring-security-core/6.2.6/spring-security-core-6.2.6.jar:/Users/namansahu/.m2/repository/org/springframework/security/spring-security-crypto/6.2.6/spring-security-crypto-6.2.6.jar:/Users/namansahu/.m2/repository/io/micrometer/micrometer-observation/1.12.10/micrometer-observation-1.12.10.jar:/Users/namansahu/.m2/repository/io/micrometer/micrometer-commons/1.12.10/micrometer-commons-1.12.10.jar:/Users/namansahu/.m2/repository/org/springframework/spring-core/6.1.13/spring-core-6.1.13.jar:/Users/namansahu/.m2/repository/org/springframework/spring-jcl/6.1.13/spring-jcl-6.1.13.jar:/Users/namansahu/.m2/repository/org/springframework/spring-test/6.1.13/spring-test-6.1.13.jar:/Users/namansahu/.m2/repository/org/springframework/boot/spring-boot-starter-web/3.2.10/spring-boot-starter-web-3.2.10.jar:/Users/namansahu/.m2/repository/org/springframework/boot/spring-boot-starter-json/3.2.10/spring-boot-starter-json-3.2.10.jar:/Users/namansahu/.m2/repository/com/fasterxml/jackson/datatype/jackson-datatype-jdk8/2.15.4/jackson-datatype-jdk8-2.15.4.jar:/Users/namansahu/.m2/repository/com/fasterxml/jackson/datatype/jackson-datatype-jsr310/2.15.4/jackson-datatype-jsr310-2.15.4.jar:/Users/namansahu/.m2/repository/com/fasterxml/jackson/module/jackson-module-parameter-names/2.15.4/jackson-module-parameter-names-2.15.4.jar:/Users/namansahu/.m2/repository/org/springframework/boot/spring-boot-starter-tomcat/3.2.10/spring-boot-starter-tomcat-3.2.10.jar:/Users/namansahu/.m2/repository/org/apache/tomcat/embed/tomcat-embed-core/10.1.30/tomcat-embed-core-10.1.30.jar:/Users/namansahu/.m2/repository/org/apache/tomcat/embed/tomcat-embed-websocket/10.1.30/tomcat-embed-websocket-10.1.30.jar:/Users/namansahu/.m2/repository/org/springframework/spring-web/6.1.13/spring-web-6.1.13.jar:/Users/namansahu/.m2/repository/org/springframework/spring-webmvc/6.1.13/spring-webmvc-6.1.13.jar:/Users/namansahu/.m2/repository/org/springframework/boot/spring-boot-starter-data-jpa/3.2.10/spring-boot-starter-data-jpa-3.2.10.jar:/Users/namansahu/.m2/repository/org/springframework/boot/spring-boot-starter-aop/3.2.10/spring-boot-starter-aop-3.2.10.jar:/Users/namansahu/.m2/repository/org/aspectj/aspectjweaver/1.9.22.1/aspectjweaver-1.9.22.1.jar:/Users/namansahu/.m2/repository/org/springframework/boot/spring-boot-starter-jdbc/3.2.10/spring-boot-starter-jdbc-3.2.10.jar:/Users/namansahu/.m2/repository/com/zaxxer/HikariCP/5.0.1/HikariCP-5.0.1.jar:/Users/namansahu/.m2/repository/org/springframework/spring-jdbc/6.1.13/spring-jdbc-6.1.13.jar:/Users/namansahu/.m2/repository/org/hibernate/orm/hibernate-core/6.4.10.Final/hibernate-core-6.4.10.Final.jar:/Users/namansahu/.m2/repository/jakarta/persistence/jakarta.persistence-api/3.1.0/jakarta.persistence-api-3.1.0.jar:/Users/namansahu/.m2/repository/jakarta/transaction/jakarta.transaction-api/2.0.1/jakarta.transaction-api-2.0.1.jar:/Users/namansahu/.m2/repository/org/jboss/logging/jboss-logging/3.5.3.Final/jboss-logging-3.5.3.Final.jar:/Users/namansahu/.m2/repository/org/hibernate/common/hibernate-commons-annotations/6.0.6.Final/hibernate-commons-annotations-6.0.6.Final.jar:/Users/namansahu/.m2/repository/io/smallrye/jandex/3.1.2/jandex-3.1.2.jar:/Users/namansahu/.m2/repository/com/fasterxml/classmate/1.6.0/classmate-1.6.0.jar:/Users/namansahu/.m2/repository/net/bytebuddy/byte-buddy/1.14.19/byte-buddy-1.14.19.jar:/Users/namansahu/.m2/repository/org/glassfish/jaxb/jaxb-runtime/4.0.5/jaxb-runtime-4.0.5.jar:/Users/namansahu/.m2/repository/org/glassfish/jaxb/jaxb-core/4.0.5/jaxb-core-4.0.5.jar:/Users/namansahu/.m2/repository/org/eclipse/angus/angus-activation/2.0.2/angus-activation-2.0.2.jar:/Users/namansahu/.m2/repository/org/glassfish/jaxb/txw2/4.0.5/txw2-4.0.5.jar:/Users/namansahu/.m2/repository/com/sun/istack/istack-commons-runtime/4.1.2/istack-commons-runtime-4.1.2.jar:/Users/namansahu/.m2/repository/jakarta/inject/jakarta.inject-api/2.0.1/jakarta.inject-api-2.0.1.jar:/Users/namansahu/.m2/repository/org/antlr/antlr4-runtime/4.13.0/antlr4-runtime-4.13.0.jar:/Users/namansahu/.m2/repository/org/springframework/data/spring-data-jpa/3.2.10/spring-data-jpa-3.2.10.jar:/Users/namansahu/.m2/repository/org/springframework/data/spring-data-commons/3.2.10/spring-data-commons-3.2.10.jar:/Users/namansahu/.m2/repository/org/springframework/spring-orm/6.1.13/spring-orm-6.1.13.jar:/Users/namansahu/.m2/repository/org/springframework/spring-tx/6.1.13/spring-tx-6.1.13.jar:/Users/namansahu/.m2/repository/org/slf4j/slf4j-api/2.0.16/slf4j-api-2.0.16.jar:/Users/namansahu/.m2/repository/org/springframework/spring-aspects/6.1.13/spring-aspects-6.1.13.jar:/Users/namansahu/.m2/repository/org/springframework/boot/spring-boot-starter-validation/3.2.10/spring-boot-starter-validation-3.2.10.jar:/Users/namansahu/.m2/repository/org/apache/tomcat/embed/tomcat-embed-el/10.1.30/tomcat-embed-el-10.1.30.jar:/Users/namansahu/.m2/repository/org/hibernate/validator/hibernate-validator/8.0.1.Final/hibernate-validator-8.0.1.Final.jar:/Users/namansahu/.m2/repository/jakarta/validation/jakarta.validation-api/3.0.2/jakarta.validation-api-3.0.2.jar:/Users/namansahu/.m2/repository/org/modelmapper/modelmapper/3.0.0/modelmapper-3.0.0.jar:/Users/namansahu/.m2/repository/com/mysql/mysql-connector-j/8.3.0/mysql-connector-j-8.3.0.jar:/Users/namansahu/.m2/repository/org/projectlombok/lombok/1.18.34/lombok-1.18.34.jar:/Users/namansahu/.m2/repository/org/springframework/boot/spring-boot-starter-test/3.2.10/spring-boot-starter-test-3.2.10.jar:/Users/namansahu/.m2/repository/org/springframework/boot/spring-boot-test/3.2.10/spring-boot-test-3.2.10.jar:/Users/namansahu/.m2/repository/org/springframework/boot/spring-boot-test-autoconfigure/3.2.10/spring-boot-test-autoconfigure-3.2.10.jar:/Users/namansahu/.m2/repository/com/jayway/jsonpath/json-path/2.9.0/json-path-2.9.0.jar:/Users/namansahu/.m2/repository/jakarta/xml/bind/jakarta.xml.bind-api/4.0.2/jakarta.xml.bind-api-4.0.2.jar:/Users/namansahu/.m2/repository/jakarta/activation/jakarta.activation-api/2.1.3/jakarta.activation-api-2.1.3.jar:/Users/namansahu/.m2/repository/net/minidev/json-smart/2.5.1/json-smart-2.5.1.jar:/Users/namansahu/.m2/repository/net/minidev/accessors-smart/2.5.1/accessors-smart-2.5.1.jar:/Users/namansahu/.m2/repository/org/ow2/asm/asm/9.6/asm-9.6.jar:/Users/namansahu/.m2/repository/org/assertj/assertj-core/3.24.2/assertj-core-3.24.2.jar:/Users/namansahu/.m2/repository/org/awaitility/awaitility/4.2.2/awaitility-4.2.2.jar:/Users/namansahu/.m2/repository/org/hamcrest/hamcrest/2.2/hamcrest-2.2.jar:/Users/namansahu/.m2/repository/org/junit/jupiter/junit-jupiter/5.10.3/junit-jupiter-5.10.3.jar:/Users/namansahu/.m2/repository/org/junit/jupiter/junit-jupiter-api/5.10.3/junit-jupiter-api-5.10.3.jar:/Users/namansahu/.m2/repository/org/opentest4j/opentest4j/1.3.0/opentest4j-1.3.0.jar:/Users/namansahu/.m2/repository/org/junit/platform/junit-platform-commons/1.10.3/junit-platform-commons-1.10.3.jar:/Users/namansahu/.m2/repository/org/apiguardian/apiguardian-api/1.1.2/apiguardian-api-1.1.2.jar:/Users/namansahu/.m2/repository/org/junit/jupiter/junit-jupiter-params/5.10.3/junit-jupiter-params-5.10.3.jar:/Users/namansahu/.m2/repository/org/junit/jupiter/junit-jupiter-engine/5.10.3/junit-jupiter-engine-5.10.3.jar:/Users/namansahu/.m2/repository/org/junit/platform/junit-platform-engine/1.10.3/junit-platform-engine-1.10.3.jar:/Users/namansahu/.m2/repository/org/mockito/mockito-core/5.7.0/mockito-core-5.7.0.jar:/Users/namansahu/.m2/repository/net/bytebuddy/byte-buddy-agent/1.14.19/byte-buddy-agent-1.14.19.jar:/Users/namansahu/.m2/repository/org/objenesis/objenesis/3.3/objenesis-3.3.jar:/Users/namansahu/.m2/repository/org/mockito/mockito-junit-jupiter/5.7.0/mockito-junit-jupiter-5.7.0.jar:/Users/namansahu/.m2/repository/org/skyscreamer/jsonassert/1.5.3/jsonassert-1.5.3.jar:/Users/namansahu/.m2/repository/com/vaadin/external/google/android-json/0.0.20131108.vaadin1/android-json-0.0.20131108.vaadin1.jar:/Users/namansahu/.m2/repository/org/xmlunit/xmlunit-core/2.9.1/xmlunit-core-2.9.1.jar:"/>
    <property name="sun.cpu.endian" value="little"/>
    <property name="user.home" value="/Users/namansahu"/>
    <property name="user.language" value="en"/>
    <property name="java.specification.vendor" value="Oracle Corporation"/>
    <property name="java.version.date" value="2024-04-16"/>
    <property name="java.home" value="/Library/Java/JavaVirtualMachines/jdk-17.jdk/Contents/Home"/>
    <property name="file.separator" value="/"/>
    <property name="basedir" value="/Users/namansahu/GitHub/Ecommerce"/>
    <property name="java.vm.compressedOopsMode" value="Zero based"/>
    <property name="line.separator" value="&#10;"/>
    <property name="java.vm.specification.vendor" value="Oracle Corporation"/>
    <property name="java.specification.name" value="Java Platform API Specification"/>
    <property name="FILE_LOG_CHARSET" value="UTF-8"/>
    <property name="java.awt.headless" value="true"/>
    <property name="surefire.real.class.path" value="/Users/namansahu/GitHub/Ecommerce/target/surefire/surefirebooter-20241009221948613_3.jar"/>
    <property name="sun.management.compiler" value="HotSpot 64-Bit Tiered Compilers"/>
    <property name="ftp.nonProxyHosts" value="local|*.local|169.254/16|*.169.254/16"/>
    <property name="java.runtime.version" value="17.0.11+7-LTS-207"/>
    <property name="user.name" value="namansahu"/>
    <property name="path.separator" value=":"/>
    <property name="os.version" value="15.0.1"/>
    <property name="java.runtime.name" value="Java(TM) SE Runtime Environment"/>
    <property name="file.encoding" value="UTF-8"/>
    <property name="java.vm.name" value="Java HotSpot(TM) 64-Bit Server VM"/>
    <property name="localRepository" value="/Users/namansahu/.m2/repository"/>
    <property name="java.vendor.url.bug" value="https://bugreport.java.com/bugreport/"/>
    <property name="java.io.tmpdir" value="/var/folders/sp/s_sbd1ps5fz2llv1b8kr3hc80000gn/T/"/>
    <property name="com.zaxxer.hikari.pool_number" value="1"/>
    <property name="java.version" value="17.0.11"/>
    <property name="user.dir" value="/Users/namansahu/GitHub/Ecommerce"/>
    <property name="os.arch" value="x86_64"/>
    <property name="java.vm.specification.name" value="Java Virtual Machine Specification"/>
    <property name="PID" value="22356"/>
    <property name="CONSOLE_LOG_CHARSET" value="UTF-8"/>
    <property name="native.encoding" value="UTF-8"/>
    <property name="java.library.path" value="/Users/namansahu/Library/Java/Extensions:/Library/Java/Extensions:/Network/Library/Java/Extensions:/System/Library/Java/Extensions:/usr/lib/java:."/>
    <property name="java.vm.info" value="mixed mode, sharing"/>
    <property name="java.vendor" value="Oracle Corporation"/>
    <property name="java.vm.version" value="17.0.11+7-LTS-207"/>
    <property name="sun.io.unicode.encoding" value="UnicodeBig"/>
    <property name="socksNonProxyHosts" value="local|*.local|169.254/16|*.169.254/16"/>
    <property name="java.class.version" value="61.0"/>
    <property name="LOGGED_APPLICATION_NAME" value="[ecom] "/>
  </properties>
  <testcase name="contextLoads" classname="com.ecommerce.project.EcomApplicationTests" time="0.545">
    <system-out><![CDATA[22:19:49.319 [main] INFO org.springframework.test.context.support.AnnotationConfigContextLoaderUtils -- Could not detect default configuration classes for test class [com.ecommerce.project.EcomApplicationTests]: EcomApplicationTests does not declare any static, non-private, non-final, nested classes annotated with @Configuration.
22:19:49.404 [main] INFO org.springframework.boot.test.context.SpringBootTestContextBootstrapper -- Found @SpringBootConfiguration com.ecommerce.project.EcomApplication for test class com.ecommerce.project.EcomApplicationTests

  .   ____          _            __ _ _
 /\\ / ___'_ __ _ _(_)_ __  __ _ \ \ \ \
( ( )\___ | '_ | '_| | '_ \/ _` | \ \ \ \
 \\/  ___)| |_)| | | | | || (_| |  ) ) ) )
  '  |____| .__|_| |_|_| |_\__, | / / / /
 =========|_|==============|___/=/_/_/_/
 :: Spring Boot ::               (v3.2.10)

2024-10-09T22:19:49.738+05:30  INFO 22356 --- [ecom] [           main] c.e.project.EcomApplicationTests         : Starting EcomApplicationTests using Java 17.0.11 with PID 22356 (started by namansahu in /Users/namansahu/GitHub/Ecommerce)
2024-10-09T22:19:49.739+05:30  INFO 22356 --- [ecom] [           main] c.e.project.EcomApplicationTests         : No active profile set, falling back to 1 default profile: "default"
2024-10-09T22:19:50.412+05:30  INFO 22356 --- [ecom] [           main] .s.d.r.c.RepositoryConfigurationDelegate : Bootstrapping Spring Data JPA repositories in DEFAULT mode.
2024-10-09T22:19:50.487+05:30  INFO 22356 --- [ecom] [           main] .s.d.r.c.RepositoryConfigurationDelegate : Finished Spring Data repository scanning in 68 ms. Found 10 JPA repository interfaces.
2024-10-09T22:19:50.971+05:30  INFO 22356 --- [ecom] [           main] o.hibernate.jpa.internal.util.LogHelper  : HHH000204: Processing PersistenceUnitInfo [name: default]
2024-10-09T22:19:51.020+05:30  INFO 22356 --- [ecom] [           main] org.hibernate.Version                    : HHH000412: Hibernate ORM core version 6.4.10.Final
2024-10-09T22:19:51.049+05:30  INFO 22356 --- [ecom] [           main] o.h.c.internal.RegionFactoryInitiator    : HHH000026: Second-level cache disabled
2024-10-09T22:19:51.272+05:30  INFO 22356 --- [ecom] [           main] o.s.o.j.p.SpringPersistenceUnitInfo      : No LoadTimeWeaver setup: ignoring JPA class transformer
2024-10-09T22:19:51.293+05:30  INFO 22356 --- [ecom] [           main] com.zaxxer.hikari.HikariDataSource       : HikariPool-1 - Starting...
2024-10-09T22:19:53.610+05:30  INFO 22356 --- [ecom] [           main] com.zaxxer.hikari.pool.HikariPool        : HikariPool-1 - Added connection com.mysql.cj.jdbc.ConnectionImpl@60ed0b9d
2024-10-09T22:19:53.613+05:30  INFO 22356 --- [ecom] [           main] com.zaxxer.hikari.HikariDataSource       : HikariPool-1 - Start completed.
2024-10-09T22:19:53.997+05:30  WARN 22356 --- [ecom] [           main] org.hibernate.orm.deprecation            : HHH90000025: MySQLDialect does not need to be specified explicitly using 'hibernate.dialect' (remove the property setting and it will be selected by default)
2024-10-09T22:19:55.161+05:30  INFO 22356 --- [ecom] [           main] o.h.e.t.j.p.i.JtaPlatformInitiator       : HHH000489: No JTA platform available (set 'hibernate.transaction.jta.platform' to enable JTA platform integration)
2024-10-09T22:20:01.182+05:30  INFO 22356 --- [ecom] [           main] j.LocalContainerEntityManagerFactoryBean : Initialized JPA EntityManagerFactory for persistence unit 'default'
2024-10-09T22:20:01.589+05:30  INFO 22356 --- [ecom] [           main] o.s.d.j.r.query.QueryEnhancerFactory     : Hibernate is in classpath; If applicable, HQL parser will be used.
2024-10-09T22:20:02.058+05:30  WARN 22356 --- [ecom] [           main] JpaBaseConfiguration$JpaWebConfiguration : spring.jpa.open-in-view is enabled by default. Therefore, database queries may be performed during view rendering. Explicitly configure spring.jpa.open-in-view to disable this warning
2024-10-09T22:20:02.321+05:30  INFO 22356 --- [ecom] [           main] o.s.s.web.DefaultSecurityFilterChain     : Will secure any request with [org.springframework.security.web.session.DisableEncodeUrlFilter@25699129, org.springframework.security.web.context.request.async.WebAsyncManagerIntegrationFilter@6f0124b5, org.springframework.security.web.context.SecurityContextHolderFilter@38e1442a, org.springframework.security.web.header.HeaderWriterFilter@1d7135c, org.springframework.security.web.authentication.logout.LogoutFilter@54950027, com.ecommerce.project.security.jwt.AuthTokenFilter@1bb1ba54, org.springframework.security.web.savedrequest.RequestCacheAwareFilter@d3effcb, org.springframework.security.web.servletapi.SecurityContextHolderAwareRequestFilter@63a6dffd, org.springframework.security.web.authentication.AnonymousAuthenticationFilter@5498d2a2, org.springframework.security.web.session.SessionManagementFilter@4057babc, org.springframework.security.web.access.ExceptionTranslationFilter@3abe8714, org.springframework.security.web.access.intercept.AuthorizationFilter@12bb0322]
2024-10-09T22:20:02.326+05:30  WARN 22356 --- [ecom] [           main] o.s.s.c.a.web.builders.WebSecurity       : You are asking Spring Security to ignore Deferred [Mvc [pattern='/v2/api-docs'], Ant [pattern='/v2/api-docs']]. This is not recommended -- please use permitAll via HttpSecurity#authorizeHttpRequests instead.
2024-10-09T22:20:02.327+05:30  INFO 22356 --- [ecom] [           main] o.s.s.web.DefaultSecurityFilterChain     : Will not secure Deferred [Mvc [pattern='/v2/api-docs'], Ant [pattern='/v2/api-docs']]
2024-10-09T22:20:02.327+05:30  WARN 22356 --- [ecom] [           main] o.s.s.c.a.web.builders.WebSecurity       : You are asking Spring Security to ignore Deferred [Mvc [pattern='/configuration/ui'], Ant [pattern='/configuration/ui']]. This is not recommended -- please use permitAll via HttpSecurity#authorizeHttpRequests instead.
2024-10-09T22:20:02.327+05:30  INFO 22356 --- [ecom] [           main] o.s.s.web.DefaultSecurityFilterChain     : Will not secure Deferred [Mvc [pattern='/configuration/ui'], Ant [pattern='/configuration/ui']]
2024-10-09T22:20:02.327+05:30  WARN 22356 --- [ecom] [           main] o.s.s.c.a.web.builders.WebSecurity       : You are asking Spring Security to ignore Deferred [Mvc [pattern='/swagger-resources/**'], Ant [pattern='/swagger-resources/**']]. This is not recommended -- please use permitAll via HttpSecurity#authorizeHttpRequests instead.
2024-10-09T22:20:02.327+05:30  INFO 22356 --- [ecom] [           main] o.s.s.web.DefaultSecurityFilterChain     : Will not secure Deferred [Mvc [pattern='/swagger-resources/**'], Ant [pattern='/swagger-resources/**']]
2024-10-09T22:20:02.327+05:30  WARN 22356 --- [ecom] [           main] o.s.s.c.a.web.builders.WebSecurity       : You are asking Spring Security to ignore Deferred [Mvc [pattern='/configuration/security'], Ant [pattern='/configuration/security']]. This is not recommended -- please use permitAll via HttpSecurity#authorizeHttpRequests instead.
2024-10-09T22:20:02.327+05:30  INFO 22356 --- [ecom] [           main] o.s.s.web.DefaultSecurityFilterChain     : Will not secure Deferred [Mvc [pattern='/configuration/security'], Ant [pattern='/configuration/security']]
2024-10-09T22:20:02.327+05:30  WARN 22356 --- [ecom] [           main] o.s.s.c.a.web.builders.WebSecurity       : You are asking Spring Security to ignore Deferred [Mvc [pattern='/swagger-ui.html'], Ant [pattern='/swagger-ui.html']]. This is not recommended -- please use permitAll via HttpSecurity#authorizeHttpRequests instead.
2024-10-09T22:20:02.327+05:30  INFO 22356 --- [ecom] [           main] o.s.s.web.DefaultSecurityFilterChain     : Will not secure Deferred [Mvc [pattern='/swagger-ui.html'], Ant [pattern='/swagger-ui.html']]
2024-10-09T22:20:02.328+05:30  WARN 22356 --- [ecom] [           main] o.s.s.c.a.web.builders.WebSecurity       : You are asking Spring Security to ignore Deferred [Mvc [pattern='/webjars/**'], Ant [pattern='/webjars/**']]. This is not recommended -- please use permitAll via HttpSecurity#authorizeHttpRequests instead.
2024-10-09T22:20:02.328+05:30  INFO 22356 --- [ecom] [           main] o.s.s.web.DefaultSecurityFilterChain     : Will not secure Deferred [Mvc [pattern='/webjars/**'], Ant [pattern='/webjars/**']]
2024-10-09T22:20:02.600+05:30  INFO 22356 --- [ecom] [           main] c.e.project.EcomApplicationTests         : Started EcomApplicationTests in 13.079 seconds (process running for 13.877)
]]></system-out>
  </testcase>
</testsuite>